<?xml version="1.0" encoding="UTF-8"?>
<!-- Generated by org.testng.reporters.JUnitReportReporter -->
<testsuite hostname="LAPTOP-G4N4E2UE" failures="0" tests="1" name="testcases.loginsaucedemo" time="4.449" errors="0" timestamp="2022-04-09T10:20:22 IST" skipped="0">
  <testcase classname="testcases.loginsaucedemo" name="login" time="4.449"/>
  <system-out/>
</testsuite> <!-- testcases.loginsaucedemo -->
